NOT Leave(Helena) 

Orignal	: ((Seated(x) AND Stocked(y) )IMPLY Order(x,y) )
Orignal	: (Order(x,y) IMPLY Ate(x) )
Orignal	: ((GetCheck(x) AND HaveMoney(x) )IMPLY Paid(x) )
Orignal	: (Ate(x) IMPLY GetCheck(x) )
Orignal	: ((GetCheck(x) AND Paid(x) )IMPLY Leave(x) )
Orignal	: ((Open(Restaurant) AND Open(Kitchen) )IMPLY Seated(x) )
Orignal	: ((Stocked(Portabello) OR Stocked(Tofu) )IMPLY Stocked(VeganHamburger) )
Orignal	: Stocked(Portabello) 
Orignal	: Open(Restaurant) 
Orignal	: Open(Kitchen) 
Orignal	: HaveMoney(Helena) 
Orignal	: HaveMoney(Helena) 
Orignal	: HaveMoney(Helena) 

KB
clause 0 : Order(x,y)  | ~Seated(x)  | ~Stocked(y) 
clause 1 : Ate(x)  | ~Order(x,y) 
clause 2 : Paid(x)  | ~GetCheck(x)  | ~HaveMoney(x) 
clause 3 : GetCheck(x)  | ~Ate(x) 
clause 4 : ~GetCheck(x)  | Leave(x)  | ~Paid(x) 
clause 5 : Seated(x)  | ~Open(Restaurant) 
clause 6 : Stocked(Portabello) 
clause 7 : Open(Restaurant) 
clause 8 : Open(Kitchen) 
clause 9 : HaveMoney(Helena) 
clause 10 : HaveMoney(Helena) 
clause 11 : HaveMoney(Helena) 
KBMap
HaveMoney(v) : 9 10 11 
Open(v) : 7 8 
Stocked(v) : 6 
Seated(v) : 5 
Leave(v) : 4 
~Paid(v) : 4 
~Open(v) : 5 
~Ate(v) : 3 
Paid(v) : 2 
~GetCheck(v) : 2 4 
~Stocked(v) : 0 
Order(v,v) : 0 
~HaveMoney(v) : 2 
~Order(v,v) : 1 
Ate(v) : 1 
~Seated(v) : 0 
GetCheck(v) : 3 



Query	: ~Leave(Helena) 

Pred	: NOT Leave(Helena) 
Clauses	: 4 
Clause	: ~GetCheck(x)  | Leave(x)  | ~Paid(x) 
Unified	: ~GetCheck(Helena)  | ~Paid(Helena) 



Query	: ~Paid(Helena)  | ~GetCheck(Helena) 

Pred	: NOT GetCheck(Helena) 
Clauses	: 3 
Clause	: GetCheck(x)  | ~Ate(x) 
Unified	: ~Paid(Helena)  | ~Ate(Helena) 

Pred	: NOT Paid(Helena) 
Clauses	: 2 
Clause	: Paid(x)  | ~GetCheck(x)  | ~HaveMoney(x) 
Unified	: ~GetCheck(Helena)  | ~HaveMoney(Helena) 



Query	: ~Paid(Helena)  | ~Ate(Helena) 

Pred	: NOT Ate(Helena) 
Clauses	: 1 
Clause	: Ate(x)  | ~Order(x,y) 
Unified	: ~Paid(Helena)  | ~Order(Helena,y) 

Pred	: NOT Paid(Helena) 
Clauses	: 2 
Clause	: Paid(x)  | ~GetCheck(x)  | ~HaveMoney(x) 
Unified	: ~Ate(Helena)  | ~GetCheck(Helena)  | ~HaveMoney(Helena) 



Query	: ~GetCheck(Helena)  | ~HaveMoney(Helena) 

Pred	: NOT HaveMoney(Helena) 
Clauses	: 9 10 11 
Clause	: HaveMoney(Helena) 
Unified	: ~GetCheck(Helena) 

Clause	: HaveMoney(Helena) 
Unified	: ~GetCheck(Helena) 

Clause	: HaveMoney(Helena) 
Unified	: ~GetCheck(Helena) 

Pred	: NOT GetCheck(Helena) 
Clauses	: 3 
Clause	: GetCheck(x)  | ~Ate(x) 
Unified	: ~HaveMoney(Helena)  | ~Ate(Helena) 



Query	: ~GetCheck(Helena) 

Pred	: NOT GetCheck(Helena) 
Clauses	: 3 
Clause	: GetCheck(x)  | ~Ate(x) 
Unified	: ~Ate(Helena) 



Query	: ~GetCheck(Helena) 

Pred	: NOT GetCheck(Helena) 
Clauses	: 3 
Clause	: GetCheck(x)  | ~Ate(x) 
Unified	: ~Ate(Helena) 



Query	: ~GetCheck(Helena) 

Pred	: NOT GetCheck(Helena) 
Clauses	: 3 
Clause	: GetCheck(x)  | ~Ate(x) 
Unified	: ~Ate(Helena) 



Query	: ~Ate(Helena) 

Pred	: NOT Ate(Helena) 
Clauses	: 1 
Clause	: Ate(x)  | ~Order(x,y) 
Unified	: ~Order(Helena,y) 



Query	: ~Ate(Helena) 

Pred	: NOT Ate(Helena) 
Clauses	: 1 
Clause	: Ate(x)  | ~Order(x,y) 
Unified	: ~Order(Helena,y) 



Query	: ~Ate(Helena) 

Pred	: NOT Ate(Helena) 
Clauses	: 1 
Clause	: Ate(x)  | ~Order(x,y) 
Unified	: ~Order(Helena,y) 



Query	: ~Order(Helena,y) 

Pred	: NOT Order(Helena,y) 
Clauses	: 0 
Clause	: Order(x,y)  | ~Seated(x)  | ~Stocked(y) 
Unified	: ~Seated(Helena)  | ~Stocked(y) 



Query	: ~Order(Helena,y) 

Pred	: NOT Order(Helena,y) 
Clauses	: 0 
Clause	: Order(x,y)  | ~Seated(x)  | ~Stocked(y) 
Unified	: ~Seated(Helena)  | ~Stocked(y) 



Query	: ~Order(Helena,y) 

Pred	: NOT Order(Helena,y) 
Clauses	: 0 
Clause	: Order(x,y)  | ~Seated(x)  | ~Stocked(y) 
Unified	: ~Seated(Helena)  | ~Stocked(y) 



Query	: ~Ate(Helena)  | ~HaveMoney(Helena) 

Pred	: NOT HaveMoney(Helena) 
Clauses	: 9 10 11 
Clause	: HaveMoney(Helena) 
Unified	: ~Ate(Helena) 

Clause	: HaveMoney(Helena) 
Unified	: ~Ate(Helena) 

Clause	: HaveMoney(Helena) 
Unified	: ~Ate(Helena) 

Pred	: NOT Ate(Helena) 
Clauses	: 1 
Clause	: Ate(x)  | ~Order(x,y) 
Unified	: ~HaveMoney(Helena)  | ~Order(Helena,y) 



Query	: ~Ate(Helena) 

Pred	: NOT Ate(Helena) 
Clauses	: 1 
Clause	: Ate(x)  | ~Order(x,y) 
Unified	: ~Order(Helena,y) 



Query	: ~Ate(Helena) 

Pred	: NOT Ate(Helena) 
Clauses	: 1 
Clause	: Ate(x)  | ~Order(x,y) 
Unified	: ~Order(Helena,y) 



Query	: ~Order(Helena,y) 

Pred	: NOT Order(Helena,y) 
Clauses	: 0 
Clause	: Order(x,y)  | ~Seated(x)  | ~Stocked(y) 
Unified	: ~Seated(Helena)  | ~Stocked(y) 



Query	: ~Order(Helena,y) 

Pred	: NOT Order(Helena,y) 
Clauses	: 0 
Clause	: Order(x,y)  | ~Seated(x)  | ~Stocked(y) 
Unified	: ~Seated(Helena)  | ~Stocked(y) 



Query	: ~Ate(Helena) 

Pred	: NOT Ate(Helena) 
Clauses	: 1 
Clause	: Ate(x)  | ~Order(x,y) 
Unified	: ~Order(Helena,y) 



Query	: ~Order(Helena,y) 

Pred	: NOT Order(Helena,y) 
Clauses	: 0 
Clause	: Order(x,y)  | ~Seated(x)  | ~Stocked(y) 
Unified	: ~Seated(Helena)  | ~Stocked(y) 



Query	: ~Stocked(y)  | ~Seated(Helena) 

Pred	: NOT Seated(Helena) 
Clauses	: 5 
Clause	: Seated(x)  | ~Open(Restaurant) 
Unified	: ~Stocked(y)  | ~Open(Restaurant) 

Pred	: NOT Stocked(y) 
Clauses	: 6 
Clause	: Stocked(Portabello) 
Unified	: ~Seated(Helena) 



Query	: ~Seated(Helena) 

Pred	: NOT Seated(Helena) 
Clauses	: 5 
Clause	: Seated(x)  | ~Open(Restaurant) 
Unified	: ~Open(Restaurant) 



Query	: ~Open(Restaurant) 

Pred	: NOT Open(Restaurant) 
Clauses	: 7 8 
Clause	: Open(Restaurant) 
Unified	: 

FINAL ANSWER 	: 1
